<?xml version="1.0" encoding="UTF-8"?>
<!-- Generated by org.testng.reporters.JUnitReportReporter -->
<testsuite hostname="Aarush" failures="0" tests="3" name="ProjectTestCases.Login" time="-1713529088.000" errors="1" timestamp="2024-04-19T17:47:24 IST" skipped="2">
  <testcase classname="ProjectTestCases.Login" name="beforeTest" time="-1713529088.000">
    <error message="
Parameter &#039;Browser&#039; is required by BeforeTest on method beforeTest but has not been marked @Optional or defined
in C:\Users\deepu\git\MaxfestEnterprise_ProjectAutomation\MaxfestEnterprise_ProjectAutomation\testngParallel.xml" type="org.testng.TestNGException">
      <![CDATA[org.testng.TestNGException: 
Parameter 'Browser' is required by BeforeTest on method beforeTest but has not been marked @Optional or defined
in C:\Users\deepu\git\MaxfestEnterprise_ProjectAutomation\MaxfestEnterprise_ProjectAutomation\testngParallel.xml
at org.testng.internal.Parameters.createParams(Parameters.java:267)
at org.testng.internal.Parameters.createParametersForMethod(Parameters.java:355)
at org.testng.internal.Parameters.createParameters(Parameters.java:693)
at org.testng.internal.Parameters.createConfigurationParameters(Parameters.java:166)
at org.testng.internal.invokers.ConfigInvoker.invokeConfigurations(ConfigInvoker.java:306)
at org.testng.TestRunner.invokeTestConfigurations(TestRunner.java:661)
at org.testng.TestRunner.beforeRun(TestRunner.java:650)
at org.testng.TestRunner.run(TestRunner.java:612)
at org.testng.SuiteRunner.runTest(SuiteRunner.java:443)
at org.testng.SuiteRunner.runSequentially(SuiteRunner.java:437)
at org.testng.SuiteRunner.privateRun(SuiteRunner.java:397)
at org.testng.SuiteRunner.run(SuiteRunner.java:336)
at org.testng.SuiteRunnerWorker.runSuite(SuiteRunnerWorker.java:52)
at org.testng.SuiteRunnerWorker.run(SuiteRunnerWorker.java:95)
at org.testng.TestNG.runSuitesSequentially(TestNG.java:1301)
at org.testng.TestNG.runSuitesLocally(TestNG.java:1228)
at org.testng.TestNG.runSuites(TestNG.java:1134)
at org.testng.TestNG.run(TestNG.java:1101)
at org.testng.remote.AbstractRemoteTestNG.run(AbstractRemoteTestNG.java:115)
at org.testng.remote.RemoteTestNG.initAndRun(RemoteTestNG.java:251)
at org.testng.remote.RemoteTestNG.main(RemoteTestNG.java:77)
]]>
    </error>
  </testcase> <!-- beforeTest -->
  <testcase classname="ProjectTestCases.Login" name="invalidLogin" time="0.001">
    <skipped/>
  </testcase> <!-- invalidLogin -->
  <testcase classname="ProjectTestCases.Login" name="validLogin" time="0.000">
    <skipped/>
  </testcase> <!-- validLogin -->
</testsuite> <!-- ProjectTestCases.Login -->
