<!DOCTYPE html PUBLIC "-//W3C//DTD XHTML 1.1//EN" "https://www.w3.org/TR/xhtml11/DTD/xhtml11.dtd">
<html xmlns="https://www.w3.org/1999/xhtml">
<head>
<meta http-equiv="content-type" content="text/html; charset=UTF-8"/>
<title>TestNG Report</title>
<style type="text/css">table {margin-bottom:10px;border-collapse:collapse;empty-cells:show}th,td {border:1px solid #009;padding:.25em .5em}th {vertical-align:bottom}td {vertical-align:top}table a {font-weight:bold}.stripe td {background-color: #E6EBF9}.num {text-align:right}.passedodd td {background-color: #3F3}.passedeven td {background-color: #0A0}.skippedodd td {background-color: #DDD}.skippedeven td {background-color: #CCC}.failedodd td,.attn {background-color: #F33}.failedeven td,.stripe .attn {background-color: #D00}.stacktrace {white-space:pre;font-family:monospace}.totop {font-size:85%;text-align:center;border-bottom:2px solid #000}.invisible {display:none}</style>
</head>
<body>
<table>
<tr><th>Test</th><th># Passed</th><th># Skipped</th><th># Retried</th><th># Failed</th><th>Time (ms)</th><th>Included Groups</th><th>Excluded Groups</th></tr>
<tr><th colspan="8">Suite</th></tr>
<tr><td><a href="#t0">Test</a></td><td class="num">0</td><td class="num attn">10</td><td class="num">0</td><td class="num">0</td><td class="num">154</td><td></td><td></td></tr>
</table>
<table id='summary'><thead><tr><th>Class</th><th>Method</th><th>Start</th><th>Time (ms)</th></tr></thead><tbody><tr><th colspan="4">Suite</th></tr></tbody><tbody id="t0"><tr><th colspan="4">Test &#8212; failed (configuration methods)</th></tr><tr class="failedeven"><td rowspan="1">ProjectTestCases.Login</td><td><a href="#m0">beforeTest</a></td><td rowspan="1">1713529043675</td><td rowspan="1">-1713529043675</td></tr><tr><th colspan="4">Test &#8212; skipped (configuration methods)</th></tr><tr class="skippedeven"><td rowspan="1">ProjectTestCases.Brand</td><td><a href="#m1">afterTest</a></td><td rowspan="1">1713529043809</td><td rowspan="1">0</td></tr><tr class="skippedodd"><td rowspan="1">ProjectTestCases.Category</td><td><a href="#m2">afterTest</a></td><td rowspan="1">1713529043811</td><td rowspan="1">0</td></tr><tr class="skippedeven"><td rowspan="1">ProjectTestCases.Login</td><td><a href="#m3">closereport</a></td><td rowspan="1">1713529043875</td><td rowspan="1">0</td></tr><tr class="skippedodd"><td rowspan="2">ProjectTestCases.Product</td><td><a href="#m4">afterTest</a></td><td rowspan="1">1713529043815</td><td rowspan="1">0</td></tr><tr class="skippedodd"><td><a href="#m5">beforeTest</a></td><td rowspan="1">1713529043686</td><td rowspan="1">0</td></tr><tr class="skippedeven"><td rowspan="2">ProjectTestCases.Unit</td><td><a href="#m6">afterTest</a></td><td rowspan="1">1713529043816</td><td rowspan="1">0</td></tr><tr class="skippedeven"><td><a href="#m7">beforeTest</a></td><td rowspan="1">1713529043688</td><td rowspan="1">0</td></tr><tr><th colspan="4">Test &#8212; skipped</th></tr><tr class="skippedeven"><td rowspan="2">ProjectTestCases.Brand</td><td><a href="#m8">addBrand</a></td><td rowspan="1">1713529043771</td><td rowspan="1">0</td></tr><tr class="skippedeven"><td><a href="#m9">searchBrand</a></td><td rowspan="1">1713529043791</td><td rowspan="1">0</td></tr><tr class="skippedodd"><td rowspan="2">ProjectTestCases.Category</td><td><a href="#m10">addCategory</a></td><td rowspan="1">1713529043728</td><td rowspan="1">1</td></tr><tr class="skippedodd"><td><a href="#m11">searchCategory</a></td><td rowspan="1">1713529043770</td><td rowspan="1">0</td></tr><tr class="skippedeven"><td rowspan="2">ProjectTestCases.Login</td><td><a href="#m12">invalidLogin</a></td><td rowspan="1">1713529043728</td><td rowspan="1">1</td></tr><tr class="skippedeven"><td><a href="#m13">validLogin</a></td><td rowspan="1">1713529043750</td><td rowspan="1">0</td></tr><tr class="skippedodd"><td rowspan="2">ProjectTestCases.Product</td><td><a href="#m14">addProduct</a></td><td rowspan="1">1713529043729</td><td rowspan="1">0</td></tr><tr class="skippedodd"><td><a href="#m15">searchProduct</a></td><td rowspan="1">1713529043751</td><td rowspan="1">0</td></tr><tr class="skippedeven"><td rowspan="2">ProjectTestCases.Unit</td><td><a href="#m16">addUnit</a></td><td rowspan="1">1713529043728</td><td rowspan="1">0</td></tr><tr class="skippedeven"><td><a href="#m17">searchUnit</a></td><td rowspan="1">1713529043753</td><td rowspan="1">0</td></tr></tbody>
</table>
<h2>Test</h2><h3 id="m0">ProjectTestCases.Login#beforeTest</h3><table class="result"><tr><th>Exception</th></tr><tr><td><div class="stacktrace">org.testng.TestNGException: 
Parameter &apos;Browser&apos; is required by BeforeTest on method beforeTest but has not been marked @Optional or defined
in C:\Users\deepu\git\MaxfestEnterprise_ProjectAutomation\MaxfestEnterprise_ProjectAutomation\testngParallel.xml
... Removed 21 stack frames</div></td></tr></table><p class="totop"><a href="#summary">back to summary</a></p>
<h3 id="m1">ProjectTestCases.Brand#afterTest</h3><table class="result"><tr><th class="invisible"/></tr></table><p class="totop"><a href="#summary">back to summary</a></p>
<h3 id="m2">ProjectTestCases.Category#afterTest</h3><table class="result"><tr><th class="invisible"/></tr></table><p class="totop"><a href="#summary">back to summary</a></p>
<h3 id="m3">ProjectTestCases.Login#closereport</h3><table class="result"><tr><th class="invisible"/></tr></table><p class="totop"><a href="#summary">back to summary</a></p>
<h3 id="m4">ProjectTestCases.Product#afterTest</h3><table class="result"><tr><th class="invisible"/></tr></table><p class="totop"><a href="#summary">back to summary</a></p>
<h3 id="m5">ProjectTestCases.Product#beforeTest</h3><table class="result"><tr><th class="invisible"/></tr></table><p class="totop"><a href="#summary">back to summary</a></p>
<h3 id="m6">ProjectTestCases.Unit#afterTest</h3><table class="result"><tr><th class="invisible"/></tr></table><p class="totop"><a href="#summary">back to summary</a></p>
<h3 id="m7">ProjectTestCases.Unit#beforeTest</h3><table class="result"><tr><th class="invisible"/></tr></table><p class="totop"><a href="#summary">back to summary</a></p>
<h3 id="m8">ProjectTestCases.Brand#addBrand</h3><table class="result"><tr><th>Exception</th></tr><tr><td><div class="stacktrace">org.testng.TestNGException: 
Parameter &apos;Browser&apos; is required by BeforeTest on method beforeTest but has not been marked @Optional or defined
in C:\Users\deepu\git\MaxfestEnterprise_ProjectAutomation\MaxfestEnterprise_ProjectAutomation\testngParallel.xml
... Removed 21 stack frames</div></td></tr></table><p class="totop"><a href="#summary">back to summary</a></p>
<h3 id="m9">ProjectTestCases.Brand#searchBrand</h3><table class="result"><tr><th>Exception</th></tr><tr><td><div class="stacktrace">org.testng.TestNGException: 
Parameter &apos;Browser&apos; is required by BeforeTest on method beforeTest but has not been marked @Optional or defined
in C:\Users\deepu\git\MaxfestEnterprise_ProjectAutomation\MaxfestEnterprise_ProjectAutomation\testngParallel.xml
... Removed 21 stack frames</div></td></tr></table><p class="totop"><a href="#summary">back to summary</a></p>
<h3 id="m10">ProjectTestCases.Category#addCategory</h3><table class="result"><tr><th>Exception</th></tr><tr><td><div class="stacktrace">org.testng.TestNGException: 
Parameter &apos;Browser&apos; is required by BeforeTest on method beforeTest but has not been marked @Optional or defined
in C:\Users\deepu\git\MaxfestEnterprise_ProjectAutomation\MaxfestEnterprise_ProjectAutomation\testngParallel.xml
... Removed 21 stack frames</div></td></tr></table><p class="totop"><a href="#summary">back to summary</a></p>
<h3 id="m11">ProjectTestCases.Category#searchCategory</h3><table class="result"><tr><th>Exception</th></tr><tr><td><div class="stacktrace">org.testng.TestNGException: 
Parameter &apos;Browser&apos; is required by BeforeTest on method beforeTest but has not been marked @Optional or defined
in C:\Users\deepu\git\MaxfestEnterprise_ProjectAutomation\MaxfestEnterprise_ProjectAutomation\testngParallel.xml
... Removed 21 stack frames</div></td></tr></table><p class="totop"><a href="#summary">back to summary</a></p>
<h3 id="m12">ProjectTestCases.Login#invalidLogin</h3><table class="result"><tr class="param"><th>Parameter #1</th><th>Parameter #2</th></tr><tr class="param stripe"><td>admin</td><td>123456A</td></tr><tr><th colspan="2">Exception</th></tr><tr><td colspan="2"><div class="stacktrace">org.testng.TestNGException: 
Parameter &apos;Browser&apos; is required by BeforeTest on method beforeTest but has not been marked @Optional or defined
in C:\Users\deepu\git\MaxfestEnterprise_ProjectAutomation\MaxfestEnterprise_ProjectAutomation\testngParallel.xml
... Removed 21 stack frames</div></td></tr></table><p class="totop"><a href="#summary">back to summary</a></p>
<h3 id="m13">ProjectTestCases.Login#validLogin</h3><table class="result"><tr><th>Exception</th></tr><tr><td><div class="stacktrace">org.testng.TestNGException: 
Parameter &apos;Browser&apos; is required by BeforeTest on method beforeTest but has not been marked @Optional or defined
in C:\Users\deepu\git\MaxfestEnterprise_ProjectAutomation\MaxfestEnterprise_ProjectAutomation\testngParallel.xml
... Removed 21 stack frames</div></td></tr></table><p class="totop"><a href="#summary">back to summary</a></p>
<h3 id="m14">ProjectTestCases.Product#addProduct</h3><table class="result"><tr><th>Exception</th></tr><tr><td><div class="stacktrace">org.testng.TestNGException: 
Parameter &apos;Browser&apos; is required by BeforeTest on method beforeTest but has not been marked @Optional or defined
in C:\Users\deepu\git\MaxfestEnterprise_ProjectAutomation\MaxfestEnterprise_ProjectAutomation\testngParallel.xml
... Removed 21 stack frames</div></td></tr></table><p class="totop"><a href="#summary">back to summary</a></p>
<h3 id="m15">ProjectTestCases.Product#searchProduct</h3><table class="result"><tr><th>Exception</th></tr><tr><td><div class="stacktrace">org.testng.TestNGException: 
Parameter &apos;Browser&apos; is required by BeforeTest on method beforeTest but has not been marked @Optional or defined
in C:\Users\deepu\git\MaxfestEnterprise_ProjectAutomation\MaxfestEnterprise_ProjectAutomation\testngParallel.xml
... Removed 21 stack frames</div></td></tr></table><p class="totop"><a href="#summary">back to summary</a></p>
<h3 id="m16">ProjectTestCases.Unit#addUnit</h3><table class="result"><tr><th>Exception</th></tr><tr><td><div class="stacktrace">org.testng.TestNGException: 
Parameter &apos;Browser&apos; is required by BeforeTest on method beforeTest but has not been marked @Optional or defined
in C:\Users\deepu\git\MaxfestEnterprise_ProjectAutomation\MaxfestEnterprise_ProjectAutomation\testngParallel.xml
... Removed 21 stack frames</div></td></tr></table><p class="totop"><a href="#summary">back to summary</a></p>
<h3 id="m17">ProjectTestCases.Unit#searchUnit</h3><table class="result"><tr><th>Exception</th></tr><tr><td><div class="stacktrace">org.testng.TestNGException: 
Parameter &apos;Browser&apos; is required by BeforeTest on method beforeTest but has not been marked @Optional or defined
in C:\Users\deepu\git\MaxfestEnterprise_ProjectAutomation\MaxfestEnterprise_ProjectAutomation\testngParallel.xml
... Removed 21 stack frames</div></td></tr></table><p class="totop"><a href="#summary">back to summary</a></p>
</body>
</html>
